<?xml version="1.0" encoding="UTF-8"?>
<!-- Generated by org.testng.reporters.JUnitReportReporter -->
<testsuite hostname="WIN-0960QI77CVH" failures="0" tests="1" name="listeners.TestNGListenerDemo2" time="0.003" errors="0" timestamp="2022-05-20T20:43:48 AMT" skipped="1">
  <testcase classname="listeners.TestNGListenerDemo2" name="test3" time="0.003">
    <skipped/>
  </testcase> <!-- test3 -->
  <system-out/>
</testsuite> <!-- listeners.TestNGListenerDemo2 -->
