<?xml version="1.0" encoding="UTF-8"?>
<!-- Generated by org.testng.reporters.JUnitReportReporter -->
<testsuite hostname="WIN-0960QI77CVH" failures="0" tests="4" name="TestNGGroupsDemo" time="0.009" errors="0" timestamp="2022-05-21T18:23:01 AMT" skipped="0">
  <testcase classname="TestNGGroupsDemo" name="test4" time="0.000"/>
  <system-out/>
  <testcase classname="TestNGGroupsDemo" name="test2" time="0.001"/>
  <system-out/>
  <testcase classname="TestNGGroupsDemo" name="test3" time="0.001"/>
  <system-out/>
  <testcase classname="TestNGGroupsDemo" name="test1" time="0.007"/>
  <system-out/>
</testsuite> <!-- TestNGGroupsDemo -->
