<?xml version="1.0" encoding="UTF-8"?>
<!-- Generated by org.testng.reporters.JUnitReportReporter -->
<testsuite hostname="WIN-0960QI77CVH" failures="0" tests="5" name="demo.TestNGGroupsDemo" time="0.009" errors="0" timestamp="2022-05-21T18:39:21 AMT" skipped="0">
  <testcase classname="demo.TestNGGroupsDemo" name="test2" time="0.001"/>
  <system-out/>
  <testcase classname="demo.TestNGGroupsDemo" name="test4" time="0.001"/>
  <system-out/>
  <testcase classname="demo.TestNGGroupsDemo" name="test5" time="0.001"/>
  <system-out/>
  <testcase classname="demo.TestNGGroupsDemo" name="test3" time="0.001"/>
  <system-out/>
  <testcase classname="demo.TestNGGroupsDemo" name="test1" time="0.005"/>
  <system-out/>
</testsuite> <!-- demo.TestNGGroupsDemo -->
