<?xml version="1.0" encoding="UTF-8"?>
<!-- Generated by org.testng.reporters.JUnitReportReporter -->
<testsuite hostname="WIN-0960QI77CVH" failures="0" tests="1" name="test.Test7_TestNG_ExtentReports2" time="6.081" errors="0" timestamp="2022-05-17T23:48:15 AMT" skipped="0">
  <testcase classname="test.Test7_TestNG_ExtentReports2" name="test1" time="6.081"/>
  <system-out/>
</testsuite> <!-- test.Test7_TestNG_ExtentReports2 -->
