<?xml version="1.0" encoding="UTF-8"?>
<!-- Generated by org.testng.reporters.JUnitReportReporter -->
<testsuite hostname="WIN-0960QI77CVH" failures="0" tests="1" name="demo.TestNG_ParametersDemo" time="0.010" errors="0" timestamp="2022-05-31T21:27:09 AMT" skipped="0">
  <testcase classname="demo.TestNG_ParametersDemo" name="tets" time="0.010"/>
  <system-out/>
</testsuite> <!-- demo.TestNG_ParametersDemo -->
