<?xml version="1.0" encoding="UTF-8"?>
<!-- Generated by org.testng.reporters.JUnitReportReporter -->
<testsuite hostname="WIN-0960QI77CVH" failures="0" tests="2" name="test.Test6_TestNG_ExtentReports" time="11.986" errors="0" timestamp="2022-05-17T21:23:35 AMT" skipped="0">
  <testcase classname="test.Test6_TestNG_ExtentReports" name="test1" time="7.040"/>
  <system-out/>
  <testcase classname="test.Test6_TestNG_ExtentReports" name="test2" time="4.946"/>
  <system-out/>
</testsuite> <!-- test.Test6_TestNG_ExtentReports -->
