<?xml version="1.0" encoding="UTF-8"?>
<!-- Generated by org.testng.reporters.JUnitReportReporter -->
<testsuite hostname="WIN-0960QI77CVH" failures="0" tests="4" name="test.Test8_TestNGMultiBrowser" time="31.535" errors="0" timestamp="2022-05-20T23:20:04 AMT" skipped="0">
  <testcase classname="test.Test8_TestNGMultiBrowser" name="test2" time="8.733"/>
  <system-out/>
  <testcase classname="test.Test8_TestNGMultiBrowser" name="test2" time="6.688"/>
  <system-out/>
  <testcase classname="test.Test8_TestNGMultiBrowser" name="test1" time="10.487"/>
  <system-out/>
  <testcase classname="test.Test8_TestNGMultiBrowser" name="test1" time="5.627"/>
  <system-out/>
</testsuite> <!-- test.Test8_TestNGMultiBrowser -->
