<?xml version="1.0" encoding="UTF-8"?>
<!-- Generated by org.testng.reporters.JUnitReportReporter -->
<testsuite hostname="WIN-0960QI77CVH" failures="0" tests="1" name="demo.TestNGParametersDemo" time="0.006" errors="0" timestamp="2022-05-21T18:50:24 AMT" skipped="0">
  <testcase classname="demo.TestNGParametersDemo" name="tets" time="0.006"/>
  <system-out/>
</testsuite> <!-- demo.TestNGParametersDemo -->
