<?xml version="1.0" encoding="UTF-8"?>
<!-- Generated by org.testng.reporters.JUnitReportReporter -->
<testsuite hostname="WIN-0960QI77CVH" failures="0" tests="4" name="demo.TestNGDependencyDemo" time="0.011" errors="0" timestamp="2022-05-22T16:20:15 AMT" skipped="0">
  <testcase classname="demo.TestNGDependencyDemo" name="test2" time="0.001"/>
  <system-out/>
  <testcase classname="demo.TestNGDependencyDemo" name="test4" time="0.001"/>
  <system-out/>
  <testcase classname="demo.TestNGDependencyDemo" name="test3" time="0.009"/>
  <system-out/>
  <testcase classname="demo.TestNGDependencyDemo" name="test1" time="0.000"/>
  <system-out/>
</testsuite> <!-- demo.TestNGDependencyDemo -->
