<?xml version="1.0" encoding="UTF-8"?>
<!-- Generated by org.testng.reporters.JUnitReportReporter -->
<testsuite hostname="WIN-0960QI77CVH" failures="0" tests="1" name="listeners.TestNGListenerDemo" time="0.003" errors="0" timestamp="2022-05-20T21:45:45 AMT" skipped="0">
  <testcase classname="listeners.TestNGListenerDemo" name="test1" time="0.003"/>
  <system-out/>
</testsuite> <!-- listeners.TestNGListenerDemo -->
