<?xml version="1.0" encoding="UTF-8"?>
<!-- Generated by org.testng.reporters.JUnitReportReporter -->
<testsuite hostname="WIN-0960QI77CVH" failures="0" tests="3" name="listeners.TestNGListenerDemo" time="6.268" errors="0" timestamp="2022-05-31T21:30:15 AMT" skipped="1">
  <testcase classname="listeners.TestNGListenerDemo" name="test2" time="6.264"/>
  <system-out/>
  <testcase classname="listeners.TestNGListenerDemo" name="test3" time="0.002">
    <skipped/>
  </testcase> <!-- test3 -->
  <system-out/>
  <testcase classname="listeners.TestNGListenerDemo" name="test1" time="0.002"/>
  <system-out/>
</testsuite> <!-- listeners.TestNGListenerDemo -->
