<?xml version="1.0" encoding="UTF-8"?>
<!-- Generated by org.testng.reporters.JUnitReportReporter -->
<testsuite hostname="WIN-0960QI77CVH" failures="0" tests="4" name="demo.TestNGIgnoreDemo" time="0.010" errors="0" timestamp="2022-05-21T20:37:45 AMT" skipped="1">
  <testcase classname="demo.TestNGIgnoreDemo" name="test2" time="0.008"/>
  <system-out/>
  <testcase classname="demo.TestNGIgnoreDemo" name="test3" time="0.001"/>
  <system-out/>
  <testcase classname="demo.TestNGIgnoreDemo" name="test4" time="0.001"/>
  <system-out/>
  <testcase classname="demo.TestNGIgnoreDemo" name="test1">
    <skipped/>
  </testcase> <!-- test1 -->
  <system-out/>
</testsuite> <!-- demo.TestNGIgnoreDemo -->
