<?xml version="1.0" encoding="UTF-8"?>
<!-- Generated by org.testng.reporters.JUnitReportReporter -->
<testsuite hostname="WIN-0960QI77CVH" failures="0" tests="3" name="utils.ExcelDataProvider" time="4.747" errors="0" timestamp="2022-05-20T17:59:21 AMT" skipped="0">
  <testcase classname="utils.ExcelDataProvider" name="test1" time="2.019"/>
  <system-out/>
  <testcase classname="utils.ExcelDataProvider" name="test1" time="1.378"/>
  <system-out/>
  <testcase classname="utils.ExcelDataProvider" name="test1" time="1.350"/>
  <system-out/>
</testsuite> <!-- utils.ExcelDataProvider -->
