<?xml version="1.0" encoding="UTF-8"?>
<!-- Generated by org.testng.reporters.JUnitReportReporter -->
<testsuite hostname="WIN-0960QI77CVH" failures="0" tests="1" name="demo.TestNG_RadarMainPageObjects" time="4.796" errors="0" timestamp="2022-05-31T21:44:12 AMT" skipped="0">
  <testcase classname="demo.TestNG_RadarMainPageObjects" name="radarSearchTest" time="4.796"/>
  <system-out/>
</testsuite> <!-- demo.TestNG_RadarMainPageObjects -->
