<?xml version="1.0" encoding="UTF-8"?>
<!-- Generated by org.testng.reporters.JUnitReportReporter -->
<testsuite hostname="WIN-0960QI77CVH" failures="0" tests="1" name="test.Test3_RadarMainPageObjects" time="11.227" errors="0" timestamp="2022-05-31T21:15:57 AMT" skipped="0">
  <testcase classname="test.Test3_RadarMainPageObjects" name="radarSearchTest" time="11.227"/>
  <system-out/>
</testsuite> <!-- test.Test3_RadarMainPageObjects -->
