<?xml version="1.0" encoding="UTF-8"?>
<!-- Generated by org.testng.reporters.JUnitReportReporter -->
<testsuite hostname="WIN-0960QI77CVH" failures="0" tests="5" name="demo.TestNG_GroupsDemo" time="0.009" errors="0" timestamp="2022-05-31T21:39:36 AMT" skipped="0">
  <testcase classname="demo.TestNG_GroupsDemo" name="test4" time="0.001"/>
  <system-out/>
  <testcase classname="demo.TestNG_GroupsDemo" name="test1" time="0.008"/>
  <system-out/>
  <testcase classname="demo.TestNG_GroupsDemo" name="test5" time="0.000"/>
  <system-out/>
  <testcase classname="demo.TestNG_GroupsDemo" name="test2" time="0.000"/>
  <system-out/>
  <testcase classname="demo.TestNG_GroupsDemo" name="test3" time="0.000"/>
  <system-out/>
</testsuite> <!-- demo.TestNG_GroupsDemo -->
