<?xml version="1.0" encoding="UTF-8"?>
<!-- Generated by org.testng.reporters.JUnitReportReporter -->
<testsuite hostname="WIN-0960QI77CVH" failures="0" tests="1" name="test.Test4_RadarMainPageObjectsTestNG" time="4.568" errors="0" timestamp="2022-05-17T21:23:35 AMT" skipped="0">
  <testcase classname="test.Test4_RadarMainPageObjectsTestNG" name="radarSearchTest" time="4.568"/>
  <system-out/>
</testsuite> <!-- test.Test4_RadarMainPageObjectsTestNG -->
